<?xml version="1.0" encoding="UTF-8"?>
<!-- Generated by org.testng.reporters.JUnitReportReporter -->
<testsuite hostname="Biswajit-PC" name="com.webtek.test.SanityTest" tests="7" failures="0" timestamp="20 May 2015 11:21:19 GMT" time="60.545" errors="0">
  <testcase name="userSignUp" time="2.046" classname="com.webtek.test.SanityTest"/>
  <testcase name="userSignUp" time="2.037" classname="com.webtek.test.SanityTest"/>
  <testcase name="userSignUp" time="2.060" classname="com.webtek.test.SanityTest"/>
  <testcase name="userSignUp" time="49.334" classname="com.webtek.test.SanityTest"/>
  <testcase name="signUser" time="1.004" classname="com.webtek.test.SanityTest"/>
  <testcase name="userSignUp" time="2.037" classname="com.webtek.test.SanityTest"/>
  <testcase name="userSignUp" time="2.027" classname="com.webtek.test.SanityTest"/>
</testsuite> <!-- com.webtek.test.SanityTest -->
