<?xml version="1.0" encoding="UTF-8"?>
<!-- Generated by org.testng.reporters.JUnitReportReporter -->
<testsuite hostname="Biswajit-PC" name="com.webtek.test.SanityTest" tests="2" failures="0" timestamp="22 May 2015 10:26:15 GMT" time="70.874" errors="0">
  <testcase name="userSignUp" time="64.248" classname="com.webtek.test.SanityTest"/>
  <testcase name="signUser" time="6.626" classname="com.webtek.test.SanityTest"/>
</testsuite> <!-- com.webtek.test.SanityTest -->
