<?xml version="1.0" encoding="UTF-8"?>
<!-- Generated by org.testng.reporters.JUnitReportReporter -->
<testsuite hostname="Biswajit-PC" name="com.webtek.test.SanityTest2" tests="14" failures="0" timestamp="5 Jun 2015 08:20:04 GMT" time="425.166" errors="0">
  <testcase name="contactUs" time="210.362" classname="com.webtek.test.SanityTest2"/>
  <testcase name="contactUs" time="210.241" classname="com.webtek.test.SanityTest2"/>
  <testcase name="contactUs" time="0.243" classname="com.webtek.test.SanityTest2"/>
  <testcase name="contactUs" time="0.411" classname="com.webtek.test.SanityTest2"/>
  <testcase name="contactUs" time="0.359" classname="com.webtek.test.SanityTest2"/>
  <testcase name="contactUs" time="0.354" classname="com.webtek.test.SanityTest2"/>
  <testcase name="contactUs" time="0.344" classname="com.webtek.test.SanityTest2"/>
  <testcase name="contactUs" time="0.403" classname="com.webtek.test.SanityTest2"/>
  <testcase name="contactUs" time="0.532" classname="com.webtek.test.SanityTest2"/>
  <testcase name="contactUs" time="0.400" classname="com.webtek.test.SanityTest2"/>
  <testcase name="contactUs" time="0.383" classname="com.webtek.test.SanityTest2"/>
  <testcase name="contactUs" time="0.379" classname="com.webtek.test.SanityTest2"/>
  <testcase name="contactUs" time="0.380" classname="com.webtek.test.SanityTest2"/>
  <testcase name="contactUs" time="0.375" classname="com.webtek.test.SanityTest2"/>
</testsuite> <!-- com.webtek.test.SanityTest2 -->
