<?xml version="1.0" encoding="UTF-8"?>
<!-- Generated by org.testng.reporters.JUnitReportReporter -->
<testsuite hostname="Biswajit-PC" name="com.webtek.test.CompareProductTes" tests="1" failures="0" timestamp="9 Jun 2015 11:36:52 GMT" time="14.229" errors="0">
  <testcase name="compareTwoProductPrice" time="14.229" classname="com.webtek.test.CompareProductTes"/>
</testsuite> <!-- com.webtek.test.CompareProductTes -->
