<?xml version="1.0" encoding="UTF-8"?>
<!-- Generated by org.testng.reporters.JUnitReportReporter -->
<testsuite hostname="Biswajit-PC" name="com.webtek.test.SanityTest2" tests="7" failures="0" timestamp="22 May 2015 07:16:06 GMT" time="40.062" errors="0">
  <testcase name="contactUs" time="4.907" classname="com.webtek.test.SanityTest2"/>
  <testcase name="contactUs" time="4.958" classname="com.webtek.test.SanityTest2"/>
  <testcase name="contactUs" time="5.226" classname="com.webtek.test.SanityTest2"/>
  <testcase name="contactUs" time="6.661" classname="com.webtek.test.SanityTest2"/>
  <testcase name="contactUs" time="4.853" classname="com.webtek.test.SanityTest2"/>
  <testcase name="contactUs" time="4.854" classname="com.webtek.test.SanityTest2"/>
  <testcase name="contactUs" time="8.603" classname="com.webtek.test.SanityTest2"/>
</testsuite> <!-- com.webtek.test.SanityTest2 -->
