<?xml version="1.0" encoding="UTF-8"?>
<!-- Generated by org.testng.reporters.JUnitReportReporter -->
<testsuite hostname="Biswajit-PC" name="com.webtek.test.SanityTest" tests="6" failures="0" timestamp="22 May 2015 05:08:13 GMT" time="33.806" errors="0">
  <testcase name="userSignUp" time="2.043" classname="com.webtek.test.SanityTest"/>
  <testcase name="userSignUp" time="2.041" classname="com.webtek.test.SanityTest"/>
  <testcase name="signUser" time="1.033" classname="com.webtek.test.SanityTest"/>
  <testcase name="userSignUp" time="24.560" classname="com.webtek.test.SanityTest"/>
  <testcase name="userSignUp" time="2.065" classname="com.webtek.test.SanityTest"/>
  <testcase name="userSignUp" time="2.064" classname="com.webtek.test.SanityTest"/>
</testsuite> <!-- com.webtek.test.SanityTest -->
