<?xml version="1.0" encoding="UTF-8"?>
<!-- Generated by org.testng.reporters.JUnitReportReporter -->
<testsuite hostname="Biswajit-PC" name="com.webtek.test.SanityTest2" tests="7" failures="0" timestamp="22 May 2015 12:15:47 GMT" time="259.587" errors="0">
  <testcase name="contactUs" time="36.015" classname="com.webtek.test.SanityTest2"/>
  <testcase name="contactUs" time="37.535" classname="com.webtek.test.SanityTest2"/>
  <testcase name="contactUs" time="37.375" classname="com.webtek.test.SanityTest2"/>
  <testcase name="contactUs" time="38.139" classname="com.webtek.test.SanityTest2"/>
  <testcase name="contactUs" time="37.313" classname="com.webtek.test.SanityTest2"/>
  <testcase name="contactUs" time="35.750" classname="com.webtek.test.SanityTest2"/>
  <testcase name="contactUs" time="37.460" classname="com.webtek.test.SanityTest2"/>
</testsuite> <!-- com.webtek.test.SanityTest2 -->
