<?xml version="1.0" encoding="UTF-8"?>
<!-- Generated by org.testng.reporters.JUnitReportReporter -->
<testsuite hostname="Biswajit-PC" name="com.webtek.test.SanityTest" tests="2" failures="0" timestamp="18 May 2015 08:40:19 GMT" time="82.158" errors="0">
  <testcase name="userSignUp" time="76.624" classname="com.webtek.test.SanityTest"/>
  <testcase name="signUser" time="5.534" classname="com.webtek.test.SanityTest"/>
</testsuite> <!-- com.webtek.test.SanityTest -->
