<?xml version="1.0" encoding="UTF-8"?>
<!-- Generated by org.testng.reporters.JUnitReportReporter -->
<testsuite hostname="Biswajit-PC" name="com.webtek.test.SanityTest" tests="2" failures="0" timestamp="22 May 2015 12:15:47 GMT" time="85.821" errors="0">
  <testcase name="signUser" time="9.036" classname="com.webtek.test.SanityTest"/>
  <testcase name="userSignUp" time="76.785" classname="com.webtek.test.SanityTest"/>
</testsuite> <!-- com.webtek.test.SanityTest -->
