<?xml version="1.0" encoding="UTF-8"?>
<!-- Generated by org.testng.reporters.JUnitReportReporter -->
<testsuite hostname="Biswajit-PC" name="com.webtek.test.SanityTest1" tests="2" failures="0" timestamp="22 May 2015 12:15:47 GMT" time="121.754" errors="0">
  <testcase name="firstAddProductThenCheckOutWithSign" time="114.177" classname="com.webtek.test.SanityTest1"/>
  <testcase name="verifyItemPresentInCartAndSummation" time="7.577" classname="com.webtek.test.SanityTest1"/>
</testsuite> <!-- com.webtek.test.SanityTest1 -->
